<?xml version="1.0" encoding="UTF-8"?>
<!-- Generated by org.testng.reporters.JUnitReportReporter -->
<testsuite hostname="DESKTOP-J80IKB4" name="Project.GeneralTest" tests="2" failures="0" timestamp="5 Sep 2020 16:32:14 GMT" time="20.322" errors="0">
  <testcase name="testLogin" time="6.478" classname="Project.GeneralTest"/>
  <testcase name="BasePageNavigation" time="13.844" classname="Project.GeneralTest"/>
</testsuite> <!-- Project.GeneralTest -->
