<?xml version="1.0" encoding="UTF-8"?>
<!-- Generated by org.testng.reporters.JUnitReportReporter -->
<testsuite hostname="DESKTOP-J80IKB4" name="Project.HomePage" tests="1" failures="0" timestamp="28 Aug 2020 23:00:44 GMT" time="18.725" errors="0">
  <testcase name="BasePageNavigation" time="18.725" classname="Project.HomePage"/>
</testsuite> <!-- Project.HomePage -->
