<?xml version="1.0" encoding="UTF-8"?>
<!-- Generated by org.testng.reporters.JUnitReportReporter -->
<testsuite hostname="DESKTOP-J80IKB4" name="Project.GeneralTest" tests="2" failures="0" timestamp="5 Sep 2020 18:28:54 GMT" time="11.026" errors="0">
  <testcase name="BasePageNavigation" time="7.739" classname="Project.GeneralTest"/>
  <testcase name="testLogin" time="3.287" classname="Project.GeneralTest"/>
</testsuite> <!-- Project.GeneralTest -->
